<?xml version="1.0" encoding="UTF-8"?>
<testng-results ignored="0" total="1" passed="1" failed="0" skipped="0">
  <reporter-output>
    <line>
      <![CDATA[Setting up report and Test is getting ready]]>
    </line>
    <line>
      <![CDATA[Setting Done-Test can be started]]>
    </line>
    <line>
      <![CDATA[Trying to start Browser and Getting application ready]]>
    </line>
    <line>
      <![CDATA[Browser and Application is up and running]]>
    </line>
    <line>
      <![CDATA[Test is about to end]]>
    </line>
  </reporter-output>
  <suite started-at="2020-07-26T17:41:43 IST" name="Default suite" finished-at="2020-07-26T17:42:01 IST" duration-ms="17818">
    <groups>
    </groups>
    <test started-at="2020-07-26T17:41:43 IST" name="Default test" finished-at="2020-07-26T17:42:01 IST" duration-ms="17818">
      <class name="com.myprojec.testcases.LoginTestQualityPoint">
        <test-method is-config="true" signature="setUpSuite()[pri:0, instance:com.myprojec.testcases.LoginTestQualityPoint@2f7c2f4f]" started-at="2020-07-26T17:41:42 IST" name="setUpSuite" finished-at="2020-07-26T17:41:43 IST" duration-ms="996" status="PASS">
          <reporter-output>
            <line>
              <![CDATA[Setting up report and Test is getting ready]]>
            </line>
            <line>
              <![CDATA[Setting Done-Test can be started]]>
            </line>
          </reporter-output>
        </test-method> <!-- setUpSuite -->
        <test-method is-config="true" signature="setup()[pri:0, instance:com.myprojec.testcases.LoginTestQualityPoint@2f7c2f4f]" started-at="2020-07-26T17:41:43 IST" name="setup" finished-at="2020-07-26T17:41:52 IST" duration-ms="8865" status="PASS">
          <reporter-output>
            <line>
              <![CDATA[Trying to start Browser and Getting application ready]]>
            </line>
            <line>
              <![CDATA[Browser and Application is up and running]]>
            </line>
          </reporter-output>
        </test-method> <!-- setup -->
        <test-method signature="LoginApplication()[pri:0, instance:com.myprojec.testcases.LoginTestQualityPoint@2f7c2f4f]" started-at="2020-07-26T17:41:52 IST" name="LoginApplication" finished-at="2020-07-26T17:42:00 IST" duration-ms="7213" status="PASS">
          <reporter-output>
          </reporter-output>
        </test-method> <!-- LoginApplication -->
        <test-method is-config="true" signature="teardownmethod(org.testng.ITestResult)[pri:0, instance:com.myprojec.testcases.LoginTestQualityPoint@2f7c2f4f]" started-at="2020-07-26T17:42:00 IST" name="teardownmethod" finished-at="2020-07-26T17:42:00 IST" duration-ms="949" status="PASS">
          <params>
            <param index="0">
              <value>
                <![CDATA[[TestResult name=LoginApplication status=SUCCESS method=LoginTestQualityPoint.LoginApplication()[pri:0, instance:com.myprojec.testcases.LoginTestQualityPoint@2f7c2f4f] output={null}]]]>
              </value>
            </param>
          </params>
          <reporter-output>
            <line>
              <![CDATA[Test is about to end]]>
            </line>
          </reporter-output>
        </test-method> <!-- teardownmethod -->
        <test-method is-config="true" signature="tearDown()[pri:0, instance:com.myprojec.testcases.LoginTestQualityPoint@2f7c2f4f]" started-at="2020-07-26T17:42:00 IST" name="tearDown" finished-at="2020-07-26T17:42:01 IST" duration-ms="729" status="PASS">
          <reporter-output>
          </reporter-output>
        </test-method> <!-- tearDown -->
      </class> <!-- com.myprojec.testcases.LoginTestQualityPoint -->
    </test> <!-- Default test -->
  </suite> <!-- Default suite -->
</testng-results>
