<?xml version="1.0" encoding="UTF-8"?>
<testng-results ignored="0" total="1" passed="1" failed="0" skipped="0">
  <reporter-output>
    <line>
      <![CDATA[Setting up report and Test is getting ready]]>
    </line>
    <line>
      <![CDATA[Setting Done-Test can be started]]>
    </line>
    <line>
      <![CDATA[Trying to start Browser and Getting application ready]]>
    </line>
    <line>
      <![CDATA[Browser and Application is up and running]]>
    </line>
    <line>
      <![CDATA[Test is about to end]]>
    </line>
  </reporter-output>
  <suite started-at="2020-07-28T13:45:12 IST" name="Suite" finished-at="2020-07-28T13:45:34 IST" duration-ms="21395">
    <groups>
    </groups>
    <test started-at="2020-07-28T13:45:12 IST" name="Test" finished-at="2020-07-28T13:45:34 IST" duration-ms="21395">
      <class name="com.myprojec.testcases.LoginTestQualityPoint">
        <test-method is-config="true" signature="setUpSuite()[pri:0, instance:com.myprojec.testcases.LoginTestQualityPoint@45dd4eda]" started-at="2020-07-28T13:45:11 IST" name="setUpSuite" finished-at="2020-07-28T13:45:12 IST" duration-ms="1013" status="PASS">
          <reporter-output>
            <line>
              <![CDATA[Setting up report and Test is getting ready]]>
            </line>
            <line>
              <![CDATA[Setting Done-Test can be started]]>
            </line>
          </reporter-output>
        </test-method> <!-- setUpSuite -->
        <test-method is-config="true" signature="setup(java.lang.String, java.lang.String)[pri:0, instance:com.myprojec.testcases.LoginTestQualityPoint@45dd4eda]" started-at="2020-07-28T13:45:12 IST" name="setup" finished-at="2020-07-28T13:45:23 IST" duration-ms="10805" status="PASS">
          <params>
            <param index="0">
              <value>
                <![CDATA[Firefox]]>
              </value>
            </param>
            <param index="1">
              <value>
                <![CDATA[http://qualitypointtech.net/timesheetdemo/index.php?logout=true#logoutstatus]]>
              </value>
            </param>
          </params>
          <reporter-output>
            <line>
              <![CDATA[Trying to start Browser and Getting application ready]]>
            </line>
            <line>
              <![CDATA[Browser and Application is up and running]]>
            </line>
          </reporter-output>
        </test-method> <!-- setup -->
        <test-method signature="LoginApplication()[pri:0, instance:com.myprojec.testcases.LoginTestQualityPoint@45dd4eda]" started-at="2020-07-28T13:45:23 IST" name="LoginApplication" finished-at="2020-07-28T13:45:30 IST" duration-ms="6747" status="PASS">
          <reporter-output>
          </reporter-output>
        </test-method> <!-- LoginApplication -->
        <test-method is-config="true" signature="teardownmethod(org.testng.ITestResult)[pri:0, instance:com.myprojec.testcases.LoginTestQualityPoint@45dd4eda]" started-at="2020-07-28T13:45:30 IST" name="teardownmethod" finished-at="2020-07-28T13:45:31 IST" duration-ms="652" status="PASS">
          <params>
            <param index="0">
              <value>
                <![CDATA[[TestResult name=LoginApplication status=SUCCESS method=LoginTestQualityPoint.LoginApplication()[pri:0, instance:com.myprojec.testcases.LoginTestQualityPoint@45dd4eda] output={null}]]]>
              </value>
            </param>
          </params>
          <reporter-output>
            <line>
              <![CDATA[Test is about to end]]>
            </line>
          </reporter-output>
        </test-method> <!-- teardownmethod -->
        <test-method is-config="true" signature="tearDown()[pri:0, instance:com.myprojec.testcases.LoginTestQualityPoint@45dd4eda]" started-at="2020-07-28T13:45:31 IST" name="tearDown" finished-at="2020-07-28T13:45:34 IST" duration-ms="3149" status="PASS">
          <reporter-output>
          </reporter-output>
        </test-method> <!-- tearDown -->
      </class> <!-- com.myprojec.testcases.LoginTestQualityPoint -->
    </test> <!-- Test -->
  </suite> <!-- Suite -->
</testng-results>
