<?xml version="1.0" encoding="UTF-8"?>
<testng-results skipped="0" failed="0" ignored="0" total="1" passed="1">
  <reporter-output>
    <line>
      <![CDATA[Setting up report and Test is getting ready]]>
    </line>
    <line>
      <![CDATA[Setting Done-Test can be started]]>
    </line>
    <line>
      <![CDATA[Trying to start Browser and Getting application ready]]>
    </line>
    <line>
      <![CDATA[Browser and Application is up and running]]>
    </line>
    <line>
      <![CDATA[Test is about to end]]>
    </line>
  </reporter-output>
  <suite name="Suite" duration-ms="29776" started-at="2020-07-30T19:37:21 IST" finished-at="2020-07-30T19:37:50 IST">
    <groups>
    </groups>
    <test name="Test" duration-ms="29776" started-at="2020-07-30T19:37:21 IST" finished-at="2020-07-30T19:37:50 IST">
      <class name="com.myprojec.testcases.LoginTestQualityPoint">
        <test-method status="PASS" signature="setUpSuite()[pri:0, instance:com.myprojec.testcases.LoginTestQualityPoint@2b9627bc]" name="setUpSuite" is-config="true" duration-ms="6266" started-at="2020-07-30T19:37:14 IST" finished-at="2020-07-30T19:37:21 IST">
          <reporter-output>
            <line>
              <![CDATA[Setting up report and Test is getting ready]]>
            </line>
            <line>
              <![CDATA[Setting Done-Test can be started]]>
            </line>
          </reporter-output>
        </test-method> <!-- setUpSuite -->
        <test-method status="PASS" signature="setup(java.lang.String, java.lang.String)[pri:0, instance:com.myprojec.testcases.LoginTestQualityPoint@2b9627bc]" name="setup" is-config="true" duration-ms="19455" started-at="2020-07-30T19:37:21 IST" finished-at="2020-07-30T19:37:40 IST">
          <params>
            <param index="0">
              <value>
                <![CDATA[Chrome]]>
              </value>
            </param>
            <param index="1">
              <value>
                <![CDATA[http://qualitypointtech.net/timesheetdemo/index.php?logout=true#logoutstatus]]>
              </value>
            </param>
          </params>
          <reporter-output>
            <line>
              <![CDATA[Trying to start Browser and Getting application ready]]>
            </line>
            <line>
              <![CDATA[Browser and Application is up and running]]>
            </line>
          </reporter-output>
        </test-method> <!-- setup -->
        <test-method status="PASS" signature="LoginApplication()[pri:0, instance:com.myprojec.testcases.LoginTestQualityPoint@2b9627bc]" name="LoginApplication" duration-ms="7878" started-at="2020-07-30T19:37:40 IST" finished-at="2020-07-30T19:37:48 IST">
          <reporter-output>
          </reporter-output>
        </test-method> <!-- LoginApplication -->
        <test-method status="PASS" signature="teardownmethod(org.testng.ITestResult)[pri:0, instance:com.myprojec.testcases.LoginTestQualityPoint@2b9627bc]" name="teardownmethod" is-config="true" duration-ms="1518" started-at="2020-07-30T19:37:48 IST" finished-at="2020-07-30T19:37:50 IST">
          <params>
            <param index="0">
              <value>
                <![CDATA[[TestResult name=LoginApplication status=SUCCESS method=LoginTestQualityPoint.LoginApplication()[pri:0, instance:com.myprojec.testcases.LoginTestQualityPoint@2b9627bc] output={null}]]]>
              </value>
            </param>
          </params>
          <reporter-output>
            <line>
              <![CDATA[Test is about to end]]>
            </line>
          </reporter-output>
        </test-method> <!-- teardownmethod -->
        <test-method status="PASS" signature="tearDown()[pri:0, instance:com.myprojec.testcases.LoginTestQualityPoint@2b9627bc]" name="tearDown" is-config="true" duration-ms="853" started-at="2020-07-30T19:37:50 IST" finished-at="2020-07-30T19:37:50 IST">
          <reporter-output>
          </reporter-output>
        </test-method> <!-- tearDown -->
      </class> <!-- com.myprojec.testcases.LoginTestQualityPoint -->
    </test> <!-- Test -->
  </suite> <!-- Suite -->
</testng-results>
