<?xml version="1.0" encoding="UTF-8"?>
<testng-results ignored="0" total="1" passed="1" failed="0" skipped="0">
  <reporter-output>
  </reporter-output>
  <suite started-at="2020-07-22T12:44:43 IST" name="Default suite" finished-at="2020-07-22T12:44:59 IST" duration-ms="15904">
    <groups>
    </groups>
    <test started-at="2020-07-22T12:44:43 IST" name="Default test" finished-at="2020-07-22T12:44:59 IST" duration-ms="15904">
      <class name="com.time.testcases.LoginTest">
        <test-method is-config="true" signature="setUpSuite()[pri:0, instance:com.time.testcases.LoginTest@ef9296d]" started-at="2020-07-22T12:44:42 IST" name="setUpSuite" finished-at="2020-07-22T12:44:43 IST" duration-ms="746" status="PASS">
          <reporter-output>
          </reporter-output>
        </test-method> <!-- setUpSuite -->
        <test-method is-config="true" signature="setup()[pri:0, instance:com.time.testcases.LoginTest@ef9296d]" started-at="2020-07-22T12:44:43 IST" name="setup" finished-at="2020-07-22T12:44:51 IST" duration-ms="8700" status="PASS">
          <reporter-output>
          </reporter-output>
        </test-method> <!-- setup -->
        <test-method signature="LoginApplication()[pri:0, instance:com.time.testcases.LoginTest@ef9296d]" started-at="2020-07-22T12:44:52 IST" name="LoginApplication" finished-at="2020-07-22T12:44:58 IST" duration-ms="6433" status="PASS">
          <reporter-output>
          </reporter-output>
        </test-method> <!-- LoginApplication -->
        <test-method is-config="true" signature="teardownmethod(org.testng.ITestResult)[pri:0, instance:com.time.testcases.LoginTest@ef9296d]" started-at="2020-07-22T12:44:58 IST" name="teardownmethod" finished-at="2020-07-22T12:44:58 IST" duration-ms="3" status="PASS">
          <params>
            <param index="0">
              <value>
                <![CDATA[[TestResult name=LoginApplication status=SUCCESS method=LoginTest.LoginApplication()[pri:0, instance:com.time.testcases.LoginTest@ef9296d] output={null}]]]>
              </value>
            </param>
          </params>
          <reporter-output>
          </reporter-output>
        </test-method> <!-- teardownmethod -->
        <test-method is-config="true" signature="tearDown()[pri:0, instance:com.time.testcases.LoginTest@ef9296d]" started-at="2020-07-22T12:44:58 IST" name="tearDown" finished-at="2020-07-22T12:44:59 IST" duration-ms="724" status="PASS">
          <reporter-output>
          </reporter-output>
        </test-method> <!-- tearDown -->
      </class> <!-- com.time.testcases.LoginTest -->
    </test> <!-- Default test -->
  </suite> <!-- Default suite -->
</testng-results>
