<?xml version="1.0" encoding="UTF-8"?>
<!-- Generated by org.testng.reporters.JUnitXMLReporter -->
<testsuite ignored="0" hostname="DESKTOP-6VE4VI3" failures="1" tests="1" name="Test" time="16.274" errors="0" timestamp="2020-07-21T19:54:04 IST">
  <testcase classname="com.myproject.testcases.LoginTestQualityPoint" name="LoginApplication" time="6.358">
    <failure type="java.lang.AssertionError" message="Login filed expected [true] but found [false]">
      <![CDATA[java.lang.AssertionError: Login filed expected [true] but found [false]
at com.myproject.testcases.LoginTestQualityPoint.LoginApplication(LoginTestQualityPoint.java:26)
at java.base/java.util.ArrayList.forEach(ArrayList.java:1511)
... Removed 30 stack frames]]>
    </failure>
  </testcase> <!-- LoginApplication -->
</testsuite> <!-- Test -->
